<?xml version="1.0" encoding="UTF-8"?>
<testng-results ignored="0" total="1" passed="1" failed="0" skipped="0">
  <reporter-output>
  </reporter-output>
  <suite started-at="2023-08-08T17:26:50 IST" name="Default suite" finished-at="2023-08-08T17:26:56 IST" duration-ms="6123">
    <groups>
    </groups>
    <test started-at="2023-08-08T17:26:50 IST" name="Default test" finished-at="2023-08-08T17:26:56 IST" duration-ms="6123">
      <class name="selPaackadsf.FileUpload">
        <test-method is-config="true" signature="fielUpload()[pri:0, instance:selPaackadsf.FileUpload@1ca3b418]" started-at="2023-08-08T17:26:50 IST" name="fielUpload" finished-at="2023-08-08T17:26:56 IST" duration-ms="5968" status="PASS">
          <reporter-output>
          </reporter-output>
        </test-method> <!-- fielUpload -->
        <test-method signature="uploadfile()[pri:0, instance:selPaackadsf.FileUpload@1ca3b418]" started-at="2023-08-08T17:26:56 IST" name="uploadfile" finished-at="2023-08-08T17:26:56 IST" duration-ms="88" status="PASS">
          <reporter-output>
          </reporter-output>
        </test-method> <!-- uploadfile -->
      </class> <!-- selPaackadsf.FileUpload -->
    </test> <!-- Default test -->
  </suite> <!-- Default suite -->
</testng-results>
